  0.9765625E-02  0.2500000E+00
       1024         1       513
 ieqex=            2  ALL GREEN
   10
  TOP  OF MODEL IS FREE SURFACE  
  BASE OF MODEL IS HALFSPACE WITH PROPERTIES OF BOTTOM LAYER
 MODEL.01
 LAYER             H      P-VEL     S-VEL   DENSITY  
     1          4.000     4.800     2.400     2.000
     2         25.000     7.500     3.500     2.670
 Working model
        d         a         b         rho      1/qa      1/qb       bsh    1/qbsh
      4.000     4.800     2.400     2.000  0.001667  0.003333     2.400     2.000
                7.500     3.500     2.670  0.001667  0.003333     3.500     2.670
 
XLENG=  0.2398000E+04 XFAC=  0.4000000E+01
WAVENUMBER FILTERING bounded in phase velocites
[cmax,c1,c2,cmin]=[    -1.000,    -1.000,    -1.000,    -1.000]
( -1.0 means 0.0 for cmin and infinity for cmax)
  LAYER INSERTION DONE
 mmax=           3
 0.2500E+00 0.4800E+01 0.2400E+01 0.2000E+01 0.1667E-02 0.3333E-02
 0.3750E+01 0.4800E+01 0.2400E+01 0.2000E+01 0.1667E-02 0.3333E-02
 0.2500E+02 0.7500E+01 0.3500E+01 0.2670E+01 0.1667E-02 0.3333E-02
fl =   0.00000     fu =   2.00000     df =   0.00391
    n1 =   1     n2 = 513      n = 1024
vmin  =   2.40000 vamin =   4.80000 vamax =   7.50000
                  vbmin =   2.40000 vbmax =   3.50000
 SOURCE DEPTH IN WORKING AND ORIGINAL MODEL (           1 )
depths =            0.250000 (            0.250000)
 RECEIVER DEPTH IN WORKING AND ORIGINAL MODEL (           1 )
depthr =      0.000000 (            0.000000)
 RECEIVER DISTANCES (           1 )
     r =    100.000000 tshift=      0.00 vred=      0.00
alpha =   0.00977     dt =     0.250
frequencies for which response computed     
   0.00004   0.00391   0.00781   0.01172   0.01562   0.01953   0.02344   0.02734
   0.03125   0.03516   0.03906   0.04297   0.04688   0.05078   0.05469   0.05859
   0.06250   0.06641   0.07031   0.07422   0.07812   0.08203   0.08594   0.08984
   0.09375   0.09766   0.10156   0.10547   0.10938   0.11328   0.11719   0.12109
   0.12500   0.12891   0.13281   0.13672   0.14062   0.14453   0.14844   0.15234
   0.15625   0.16016   0.16406   0.16797   0.17188   0.17578   0.17969   0.18359
   0.18750   0.19141   0.19531   0.19922   0.20312   0.20703   0.21094   0.21484
   0.21875   0.22266   0.22656   0.23047   0.23438   0.23828   0.24219   0.24609
   0.25000   0.25391   0.25781   0.26172   0.26562   0.26953   0.27344   0.27734
   0.28125   0.28516   0.28906   0.29297   0.29688   0.30078   0.30469   0.30859
   0.31250   0.31641   0.32031   0.32422   0.32812   0.33203   0.33594   0.33984
   0.34375   0.34766   0.35156   0.35547   0.35938   0.36328   0.36719   0.37109
   0.37500   0.37891   0.38281   0.38672   0.39062   0.39453   0.39844   0.40234
   0.40625   0.41016   0.41406   0.41797   0.42188   0.42578   0.42969   0.43359
   0.43750   0.44141   0.44531   0.44922   0.45312   0.45703   0.46094   0.46484
   0.46875   0.47266   0.47656   0.48047   0.48438   0.48828   0.49219   0.49609
   0.50000   0.50391   0.50781   0.51172   0.51562   0.51953   0.52344   0.52734
   0.53125   0.53516   0.53906   0.54297   0.54688   0.55078   0.55469   0.55859
   0.56250   0.56641   0.57031   0.57422   0.57812   0.58203   0.58594   0.58984
   0.59375   0.59766   0.60156   0.60547   0.60938   0.61328   0.61719   0.62109
   0.62500   0.62891   0.63281   0.63672   0.64062   0.64453   0.64844   0.65234
   0.65625   0.66016   0.66406   0.66797   0.67188   0.67578   0.67969   0.68359
   0.68750   0.69141   0.69531   0.69922   0.70312   0.70703   0.71094   0.71484
   0.71875   0.72266   0.72656   0.73047   0.73438   0.73828   0.74219   0.74609
   0.75000   0.75391   0.75781   0.76172   0.76562   0.76953   0.77344   0.77734
   0.78125   0.78516   0.78906   0.79297   0.79688   0.80078   0.80469   0.80859
   0.81250   0.81641   0.82031   0.82422   0.82812   0.83203   0.83594   0.83984
   0.84375   0.84766   0.85156   0.85547   0.85938   0.86328   0.86719   0.87109
   0.87500   0.87891   0.88281   0.88672   0.89062   0.89453   0.89844   0.90234
   0.90625   0.91016   0.91406   0.91797   0.92188   0.92578   0.92969   0.93359
   0.93750   0.94141   0.94531   0.94922   0.95312   0.95703   0.96094   0.96484
   0.96875   0.97266   0.97656   0.98047   0.98438   0.98828   0.99219   0.99609
   1.00000   1.00391   1.00781   1.01172   1.01562   1.01953   1.02344   1.02734
   1.03125   1.03516   1.03906   1.04297   1.04688   1.05078   1.05469   1.05859
   1.06250   1.06641   1.07031   1.07422   1.07812   1.08203   1.08594   1.08984
   1.09375   1.09766   1.10156   1.10547   1.10938   1.11328   1.11719   1.12109
   1.12500   1.12891   1.13281   1.13672   1.14062   1.14453   1.14844   1.15234
   1.15625   1.16016   1.16406   1.16797   1.17188   1.17578   1.17969   1.18359
   1.18750   1.19141   1.19531   1.19922   1.20312   1.20703   1.21094   1.21484
   1.21875   1.22266   1.22656   1.23047   1.23438   1.23828   1.24219   1.24609
   1.25000   1.25391   1.25781   1.26172   1.26562   1.26953   1.27344   1.27734
   1.28125   1.28516   1.28906   1.29297   1.29688   1.30078   1.30469   1.30859
   1.31250   1.31641   1.32031   1.32422   1.32812   1.33203   1.33594   1.33984
   1.34375   1.34766   1.35156   1.35547   1.35938   1.36328   1.36719   1.37109
   1.37500   1.37891   1.38281   1.38672   1.39062   1.39453   1.39844   1.40234
   1.40625   1.41016   1.41406   1.41797   1.42188   1.42578   1.42969   1.43359
   1.43750   1.44141   1.44531   1.44922   1.45312   1.45703   1.46094   1.46484
   1.46875   1.47266   1.47656   1.48047   1.48438   1.48828   1.49219   1.49609
   1.50000   1.50391   1.50781   1.51172   1.51562   1.51953   1.52344   1.52734
   1.53125   1.53516   1.53906   1.54297   1.54688   1.55078   1.55469   1.55859
   1.56250   1.56641   1.57031   1.57422   1.57812   1.58203   1.58594   1.58984
   1.59375   1.59766   1.60156   1.60547   1.60938   1.61328   1.61719   1.62109
   1.62500   1.62891   1.63281   1.63672   1.64062   1.64453   1.64844   1.65234
   1.65625   1.66016   1.66406   1.66797   1.67188   1.67578   1.67969   1.68359
   1.68750   1.69141   1.69531   1.69922   1.70312   1.70703   1.71094   1.71484
   1.71875   1.72266   1.72656   1.73047   1.73438   1.73828   1.74219   1.74609
   1.75000   1.75391   1.75781   1.76172   1.76562   1.76953   1.77344   1.77734
   1.78125   1.78516   1.78906   1.79297   1.79688   1.80078   1.80469   1.80859
   1.81250   1.81641   1.82031   1.82422   1.82812   1.83203   1.83594   1.83984
   1.84375   1.84766   1.85156   1.85547   1.85938   1.86328   1.86719   1.87109
   1.87500   1.87891   1.88281   1.88672   1.89062   1.89453   1.89844   1.90234
   1.90625   1.91016   1.91406   1.91797   1.92188   1.92578   1.92969   1.93359
   1.93750   1.94141   1.94531   1.94922   1.95312   1.95703   1.96094   1.96484
   1.96875   1.97266   1.97656   1.98047   1.98438   1.98828   1.99219   1.99609
   2.00000  -1.00000  -1.00000  -1.00000  -1.00000  -1.00000  -1.00000  -1.00000
 Transition to non-asymptotic at  -1.00000000    
     r(km)   t0(sec)    hs(km)    hr(km)    Tp(sec)   Tsv(sec)   Tsh(sec)
   100.000     0.000     0.250     0.000     14.574     30.922     30.922
